{
  "RSpec": {
    "coverage": {
      "/Users/riley/Documents/github/dino_refactor/lib/dino_manage.rb": {
        "lines": [
          null,
          null,
          null,
          null,
          null,
          null,
          null,
          null,
          null,
          null,
          null,
          null,
          null,
          null,
          null,
          null,
          1,
          1,
          null,
          null,
          null,
          1,
          1,
          1,
          null,
          1,
          null,
          1,
          10,
          null,
          20,
          8,
          null,
          null,
          null,
          null,
          1,
          12,
          12,
          12,
          null,
          12,
          12,
          12,
          null,
          12,
          null,
          null,
          1,
          12,
          null,
          11,
          11,
          11,
          9,
          null,
          2,
          null,
          null,
          null,
          1,
          8,
          12,
          null,
          null,
          null
        ],
        "branches": {
          "[:unless, 0, 29, 4, 29, 75]": {
            "[:else, 1, 29, 4, 29, 75]": 8,
            "[:then, 2, 29, 4, 29, 49]": 2
          },
          "[:if, 3, 43, 14, 43, 59]": {
            "[:then, 4, 43, 33, 43, 45]": 7,
            "[:else, 5, 43, 48, 43, 59]": 5
          },
          "[:if, 6, 44, 18, 44, 75]": {
            "[:then, 7, 44, 57, 44, 71]": 7,
            "[:else, 8, 44, 74, 44, 75]": 5
          },
          "[:unless, 9, 50, 4, 50, 33]": {
            "[:else, 10, 50, 4, 50, 33]": 11,
            "[:then, 11, 50, 4, 50, 12]": 1
          },
          "[:if, 12, 54, 4, 58, 7]": {
            "[:then, 13, 55, 6, 55, 10]": 9,
            "[:else, 14, 57, 6, 57, 14]": 2
          }
        }
      }
    },
    "timestamp": 1757697096
  }
}
